<?xml version="1.0" encoding="UTF-8"?>
<!-- Generated by org.testng.reporters.JUnitReportReporter -->
<testsuite hostname="ManojkumarA" failures="0" tests="1" name="com.knila.uitest.LoginTest" time="25.344" errors="0" timestamp="2022-11-07T01:14:18 IST" skipped="0">
  <testcase classname="com.knila.uitest.LoginTest" name="TC001" time="25.344"/>
  <system-out>
    <![CDATA[&emsp;<div class="test-title"> <strong><font size = "3" color = "#000080">Verify user able to login successfully with valid credential</font> </strong> </div>&emsp;<div><strong>Steps:</strong></div><!-- Report -->&emsp;
<div class="test-message">&emsp;Admin entered in UserName textbox successfully</div>
<div class="test-message">&emsp;Admin123 entered in Password textbox successfully</div>
<div class="test-message">&emsp;Laboratory is clicked successfully</div>
<div class="test-message">&emsp;Login button is clicked successfully</div>
<div class="test-message">&emsp;Logged in user information retrieved successfully from element</div>
<div class="test-message">&emsp;User Info : Logged in as Super User (admin) at Laboratory.</div>
<div class="test-message">&emsp;User logged in successfully&emsp;<a href=".\ScreenShot\TC001_1.png" target="_blank" >[ScreenShot]</a></div>
<div class="test-result"><br><font color="green"><strong> Test Passed. </strong></font> </div>&emsp;]]>
  </system-out>
</testsuite> <!-- com.knila.uitest.LoginTest -->
